\BOOKMARK [0][-]{chapter.1}{\376\377\0001\000\040\000D\000a\000t\000a\000\040\000S\000t\000r\000u\000c\000t\000u\000r\000e\000\040\000I\000n\000d\000e\000x}{}% 1
\BOOKMARK [1][-]{section.1.1}{\376\377\0001\000.\0001\000\040\000D\000a\000t\000a\000\040\000S\000t\000r\000u\000c\000t\000u\000r\000e\000s}{chapter.1}% 2
\BOOKMARK [0][-]{chapter.2}{\376\377\0002\000\040\000F\000i\000l\000e\000\040\000I\000n\000d\000e\000x}{}% 3
\BOOKMARK [1][-]{section.2.1}{\376\377\0002\000.\0001\000\040\000F\000i\000l\000e\000\040\000L\000i\000s\000t}{chapter.2}% 4
\BOOKMARK [0][-]{chapter.3}{\376\377\0003\000\040\000D\000a\000t\000a\000\040\000S\000t\000r\000u\000c\000t\000u\000r\000e\000\040\000D\000o\000c\000u\000m\000e\000n\000t\000a\000t\000i\000o\000n}{}% 5
\BOOKMARK [1][-]{section.3.1}{\376\377\0003\000.\0001\000\040\000D\000I\000R\000\137\000\040\000S\000t\000r\000u\000c\000t\000\040\000R\000e\000f\000e\000r\000e\000n\000c\000e}{chapter.3}% 6
\BOOKMARK [1][-]{section.3.2}{\376\377\0003\000.\0002\000\040\000d\000i\000r\000e\000n\000t\000\040\000S\000t\000r\000u\000c\000t\000\040\000R\000e\000f\000e\000r\000e\000n\000c\000e}{chapter.3}% 7
\BOOKMARK [1][-]{section.3.3}{\376\377\0003\000.\0003\000\040\000f\000s\000\137\000b\000l\000o\000c\000k\000\040\000U\000n\000i\000o\000n\000\040\000R\000e\000f\000e\000r\000e\000n\000c\000e}{chapter.3}% 8
\BOOKMARK [2][-]{subsection.3.3.1}{\376\377\0003\000.\0003\000.\0001\000\040\000D\000e\000t\000a\000i\000l\000e\000d\000\040\000D\000e\000s\000c\000r\000i\000p\000t\000i\000o\000n}{section.3.3}% 9
\BOOKMARK [2][-]{subsection.3.3.2}{\376\377\0003\000.\0003\000.\0002\000\040\000F\000i\000e\000l\000d\000\040\000D\000o\000c\000u\000m\000e\000n\000t\000a\000t\000i\000o\000n}{section.3.3}% 10
\BOOKMARK [3][-]{subsubsection.3.3.2.1}{\376\377\0003\000.\0003\000.\0002\000.\0001\000\040\000d\000a\000t\000a}{subsection.3.3.2}% 11
\BOOKMARK [3][-]{subsubsection.3.3.2.2}{\376\377\0003\000.\0003\000.\0002\000.\0002\000\040\000i\000n\000o\000d\000e\000s}{subsection.3.3.2}% 12
\BOOKMARK [3][-]{subsubsection.3.3.2.3}{\376\377\0003\000.\0003\000.\0002\000.\0003\000\040\000p\000o\000i\000n\000t\000e\000r\000s}{subsection.3.3.2}% 13
\BOOKMARK [3][-]{subsubsection.3.3.2.4}{\376\377\0003\000.\0003\000.\0002\000.\0004\000\040\000s\000u\000p\000e\000r}{subsection.3.3.2}% 14
\BOOKMARK [1][-]{section.3.4}{\376\377\0003\000.\0004\000\040\000f\000s\000\137\000f\000i\000l\000e\000s\000y\000s\000t\000\040\000S\000t\000r\000u\000c\000t\000\040\000R\000e\000f\000e\000r\000e\000n\000c\000e}{chapter.3}% 15
\BOOKMARK [2][-]{subsection.3.4.1}{\376\377\0003\000.\0004\000.\0001\000\040\000D\000e\000t\000a\000i\000l\000e\000d\000\040\000D\000e\000s\000c\000r\000i\000p\000t\000i\000o\000n}{section.3.4}% 16
\BOOKMARK [2][-]{subsection.3.4.2}{\376\377\0003\000.\0004\000.\0002\000\040\000F\000i\000e\000l\000d\000\040\000D\000o\000c\000u\000m\000e\000n\000t\000a\000t\000i\000o\000n}{section.3.4}% 17
\BOOKMARK [3][-]{subsubsection.3.4.2.1}{\376\377\0003\000.\0004\000.\0002\000.\0001\000\040\000f\000d}{subsection.3.4.2}% 18
\BOOKMARK [3][-]{subsubsection.3.4.2.2}{\376\377\0003\000.\0004\000.\0002\000.\0002\000\040\000n\000b\000l\000o\000c\000k\000s}{subsection.3.4.2}% 19
\BOOKMARK [3][-]{subsubsection.3.4.2.3}{\376\377\0003\000.\0004\000.\0002\000.\0003\000\040\000t\000o\000t\000\137\000s\000i\000z\000e}{subsection.3.4.2}% 20
\BOOKMARK [1][-]{section.3.5}{\376\377\0003\000.\0005\000\040\000f\000s\000\137\000i\000n\000o\000d\000e\000\040\000S\000t\000r\000u\000c\000t\000\040\000R\000e\000f\000e\000r\000e\000n\000c\000e}{chapter.3}% 21
\BOOKMARK [2][-]{subsection.3.5.1}{\376\377\0003\000.\0005\000.\0001\000\040\000D\000e\000t\000a\000i\000l\000e\000d\000\040\000D\000e\000s\000c\000r\000i\000p\000t\000i\000o\000n}{section.3.5}% 22
\BOOKMARK [2][-]{subsection.3.5.2}{\376\377\0003\000.\0005\000.\0002\000\040\000F\000i\000e\000l\000d\000\040\000D\000o\000c\000u\000m\000e\000n\000t\000a\000t\000i\000o\000n}{section.3.5}% 23
\BOOKMARK [3][-]{subsubsection.3.5.2.1}{\376\377\0003\000.\0005\000.\0002\000.\0001\000\040\000a\000t\000i\000m\000e}{subsection.3.5.2}% 24
\BOOKMARK [3][-]{subsubsection.3.5.2.2}{\376\377\0003\000.\0005\000.\0002\000.\0002\000\040\000d\000i\000r\000e\000c\000t}{subsection.3.5.2}% 25
\BOOKMARK [3][-]{subsubsection.3.5.2.3}{\376\377\0003\000.\0005\000.\0002\000.\0003\000\040\000g\000i\000d}{subsection.3.5.2}% 26
\BOOKMARK [3][-]{subsubsection.3.5.2.4}{\376\377\0003\000.\0005\000.\0002\000.\0004\000\040\000i\000n\000d\000i\000r\000e\000c\000t}{subsection.3.5.2}% 27
\BOOKMARK [3][-]{subsubsection.3.5.2.5}{\376\377\0003\000.\0005\000.\0002\000.\0005\000\040\000m\000o\000d\000e}{subsection.3.5.2}% 28
\BOOKMARK [3][-]{subsubsection.3.5.2.6}{\376\377\0003\000.\0005\000.\0002\000.\0006\000\040\000m\000t\000i\000m\000e}{subsection.3.5.2}% 29
\BOOKMARK [3][-]{subsubsection.3.5.2.7}{\376\377\0003\000.\0005\000.\0002\000.\0007\000\040\000s\000i\000z\000e}{subsection.3.5.2}% 30
\BOOKMARK [3][-]{subsubsection.3.5.2.8}{\376\377\0003\000.\0005\000.\0002\000.\0008\000\040\000u\000i\000d}{subsection.3.5.2}% 31
\BOOKMARK [1][-]{section.3.6}{\376\377\0003\000.\0006\000\040\000f\000s\000\137\000s\000u\000p\000e\000r\000\137\000b\000l\000o\000c\000k\000\040\000S\000t\000r\000u\000c\000t\000\040\000R\000e\000f\000e\000r\000e\000n\000c\000e}{chapter.3}% 32
\BOOKMARK [2][-]{subsection.3.6.1}{\376\377\0003\000.\0006\000.\0001\000\040\000D\000e\000t\000a\000i\000l\000e\000d\000\040\000D\000e\000s\000c\000r\000i\000p\000t\000i\000o\000n}{section.3.6}% 33
\BOOKMARK [2][-]{subsection.3.6.2}{\376\377\0003\000.\0006\000.\0002\000\040\000F\000i\000e\000l\000d\000\040\000D\000o\000c\000u\000m\000e\000n\000t\000a\000t\000i\000o\000n}{section.3.6}% 34
\BOOKMARK [3][-]{subsubsection.3.6.2.1}{\376\377\0003\000.\0006\000.\0002\000.\0001\000\040\000d\000a\000t\000a\000\137\000b\000i\000t\000m\000a\000p\000\137\000l\000o\000c}{subsection.3.6.2}% 35
\BOOKMARK [3][-]{subsubsection.3.6.2.2}{\376\377\0003\000.\0006\000.\0002\000.\0002\000\040\000d\000a\000t\000a\000\137\000b\000i\000t\000m\000a\000p\000\137\000s\000i\000z\000e}{subsection.3.6.2}% 36
\BOOKMARK [3][-]{subsubsection.3.6.2.3}{\376\377\0003\000.\0006\000.\0002\000.\0003\000\040\000d\000a\000t\000a\000\137\000c\000o\000u\000n\000t}{subsection.3.6.2}% 37
\BOOKMARK [3][-]{subsubsection.3.6.2.4}{\376\377\0003\000.\0006\000.\0002\000.\0004\000\040\000d\000a\000t\000a\000\137\000l\000o\000c}{subsection.3.6.2}% 38
\BOOKMARK [3][-]{subsubsection.3.6.2.5}{\376\377\0003\000.\0006\000.\0002\000.\0005\000\040\000f\000r\000e\000e\000\137\000d\000a\000t\000a\000\137\000c\000o\000u\000n\000t}{subsection.3.6.2}% 39
\BOOKMARK [3][-]{subsubsection.3.6.2.6}{\376\377\0003\000.\0006\000.\0002\000.\0006\000\040\000f\000r\000e\000e\000\137\000i\000n\000o\000d\000e\000\137\000c\000o\000u\000n\000t}{subsection.3.6.2}% 40
\BOOKMARK [3][-]{subsubsection.3.6.2.7}{\376\377\0003\000.\0006\000.\0002\000.\0007\000\040\000i\000n\000o\000d\000e\000\137\000b\000i\000t\000m\000a\000p\000\137\000l\000o\000c}{subsection.3.6.2}% 41
\BOOKMARK [3][-]{subsubsection.3.6.2.8}{\376\377\0003\000.\0006\000.\0002\000.\0008\000\040\000i\000n\000o\000d\000e\000\137\000b\000i\000t\000m\000a\000p\000\137\000s\000i\000z\000e}{subsection.3.6.2}% 42
\BOOKMARK [3][-]{subsubsection.3.6.2.9}{\376\377\0003\000.\0006\000.\0002\000.\0009\000\040\000i\000n\000o\000d\000e\000\137\000c\000o\000u\000n\000t}{subsection.3.6.2}% 43
\BOOKMARK [3][-]{subsubsection.3.6.2.10}{\376\377\0003\000.\0006\000.\0002\000.\0001\0000\000\040\000i\000n\000o\000d\000e\000\137\000l\000o\000c}{subsection.3.6.2}% 44
\BOOKMARK [3][-]{subsubsection.3.6.2.11}{\376\377\0003\000.\0006\000.\0002\000.\0001\0001\000\040\000m\000a\000g\000i\000c}{subsection.3.6.2}% 45
\BOOKMARK [3][-]{subsubsection.3.6.2.12}{\376\377\0003\000.\0006\000.\0002\000.\0001\0002\000\040\000m\000o\000u\000n\000t\000s}{subsection.3.6.2}% 46
\BOOKMARK [3][-]{subsubsection.3.6.2.13}{\376\377\0003\000.\0006\000.\0002\000.\0001\0003\000\040\000m\000t\000i\000m\000e}{subsection.3.6.2}% 47
\BOOKMARK [3][-]{subsubsection.3.6.2.14}{\376\377\0003\000.\0006\000.\0002\000.\0001\0004\000\040\000n\000r\000e\000a\000d\000s}{subsection.3.6.2}% 48
\BOOKMARK [3][-]{subsubsection.3.6.2.15}{\376\377\0003\000.\0006\000.\0002\000.\0001\0005\000\040\000n\000w\000r\000i\000t\000e\000s}{subsection.3.6.2}% 49
\BOOKMARK [3][-]{subsubsection.3.6.2.16}{\376\377\0003\000.\0006\000.\0002\000.\0001\0006\000\040\000w\000t\000i\000m\000e}{subsection.3.6.2}% 50
\BOOKMARK [1][-]{section.3.7}{\376\377\0003\000.\0007\000\040\000i\000o\000\137\000f\000i\000l\000e\000d\000e\000s\000c\000\040\000S\000t\000r\000u\000c\000t\000\040\000R\000e\000f\000e\000r\000e\000n\000c\000e}{chapter.3}% 51
\BOOKMARK [1][-]{section.3.8}{\376\377\0003\000.\0008\000\040\000i\000o\000\137\000f\000i\000l\000e\000d\000e\000s\000c\000\137\000t\000a\000b\000l\000e\000\040\000S\000t\000r\000u\000c\000t\000\040\000R\000e\000f\000e\000r\000e\000n\000c\000e}{chapter.3}% 52
\BOOKMARK [0][-]{chapter.4}{\376\377\0004\000\040\000F\000i\000l\000e\000\040\000D\000o\000c\000u\000m\000e\000n\000t\000a\000t\000i\000o\000n}{}% 53
\BOOKMARK [1][-]{section.4.1}{\376\377\0004\000.\0001\000\040\000i\000n\000c\000l\000u\000d\000e\000/\000d\000i\000r\000e\000n\000t\000.\000h\000\040\000F\000i\000l\000e\000\040\000R\000e\000f\000e\000r\000e\000n\000c\000e}{chapter.4}% 54
\BOOKMARK [2][-]{subsection.4.1.1}{\376\377\0004\000.\0001\000.\0001\000\040\000D\000e\000t\000a\000i\000l\000e\000d\000\040\000D\000e\000s\000c\000r\000i\000p\000t\000i\000o\000n}{section.4.1}% 55
\BOOKMARK [2][-]{subsection.4.1.2}{\376\377\0004\000.\0001\000.\0002\000\040\000F\000u\000n\000c\000t\000i\000o\000n\000\040\000D\000o\000c\000u\000m\000e\000n\000t\000a\000t\000i\000o\000n}{section.4.1}% 56
\BOOKMARK [3][-]{subsubsection.4.1.2.1}{\376\377\0004\000.\0001\000.\0002\000.\0001\000\040\000d\000e\000l\000F\000i\000l\000e\000\050\000\051}{subsection.4.1.2}% 57
\BOOKMARK [3][-]{subsubsection.4.1.2.2}{\376\377\0004\000.\0001\000.\0002\000.\0002\000\040\000f\000i\000n\000d\000F\000i\000l\000e\000\050\000\051}{subsection.4.1.2}% 58
\BOOKMARK [3][-]{subsubsection.4.1.2.3}{\376\377\0004\000.\0001\000.\0002\000.\0003\000\040\000f\000i\000n\000d\000p\000a\000t\000h\000\050\000\051}{subsection.4.1.2}% 59
\BOOKMARK [3][-]{subsubsection.4.1.2.4}{\376\377\0004\000.\0001\000.\0002\000.\0004\000\040\000f\000o\000r\000m\000a\000t\000d\000i\000r\000\050\000\051}{subsection.4.1.2}% 60
\BOOKMARK [3][-]{subsubsection.4.1.2.5}{\376\377\0004\000.\0001\000.\0002\000.\0005\000\040\000g\000e\000t\000F\000i\000l\000e\000s\000\050\000\051}{subsection.4.1.2}% 61
\BOOKMARK [3][-]{subsubsection.4.1.2.6}{\376\377\0004\000.\0001\000.\0002\000.\0006\000\040\000i\000n\000s\000e\000r\000t\000F\000i\000l\000e\000\050\000\051}{subsection.4.1.2}% 62
\BOOKMARK [3][-]{subsubsection.4.1.2.7}{\376\377\0004\000.\0001\000.\0002\000.\0007\000\040\000o\000p\000e\000n\000\137\000c\000r\000e\000a\000t\000\050\000\051}{subsection.4.1.2}% 63
\BOOKMARK [3][-]{subsubsection.4.1.2.8}{\376\377\0004\000.\0001\000.\0002\000.\0008\000\040\000o\000p\000e\000n\000\137\000i\000n\000o\000\050\000\051}{subsection.4.1.2}% 64
\BOOKMARK [3][-]{subsubsection.4.1.2.9}{\376\377\0004\000.\0001\000.\0002\000.\0009\000\040\000o\000p\000e\000n\000d\000i\000r\000\137\000c\000r\000e\000a\000t\000\050\000\051}{subsection.4.1.2}% 65
\BOOKMARK [3][-]{subsubsection.4.1.2.10}{\376\377\0004\000.\0001\000.\0002\000.\0001\0000\000\040\000o\000p\000e\000n\000d\000i\000r\000\137\000i\000n\000o\000\050\000\051}{subsection.4.1.2}% 66
\BOOKMARK [1][-]{section.4.2}{\376\377\0004\000.\0002\000\040\000i\000n\000c\000l\000u\000d\000e\000/\000d\000i\000s\000k\000.\000h\000\040\000F\000i\000l\000e\000\040\000R\000e\000f\000e\000r\000e\000n\000c\000e}{chapter.4}% 67
\BOOKMARK [2][-]{subsection.4.2.1}{\376\377\0004\000.\0002\000.\0001\000\040\000D\000e\000t\000a\000i\000l\000e\000d\000\040\000D\000e\000s\000c\000r\000i\000p\000t\000i\000o\000n}{section.4.2}% 68
\BOOKMARK [2][-]{subsection.4.2.2}{\376\377\0004\000.\0002\000.\0002\000\040\000F\000u\000n\000c\000t\000i\000o\000n\000\040\000D\000o\000c\000u\000m\000e\000n\000t\000a\000t\000i\000o\000n}{section.4.2}% 69
\BOOKMARK [3][-]{subsubsection.4.2.2.1}{\376\377\0004\000.\0002\000.\0002\000.\0001\000\040\000c\000r\000e\000a\000t\000f\000i\000l\000e\000\050\000\051}{subsection.4.2.2}% 70
\BOOKMARK [3][-]{subsubsection.4.2.2.2}{\376\377\0004\000.\0002\000.\0002\000.\0002\000\040\000d\000i\000s\000k\000\137\000c\000l\000o\000s\000e\000\050\000\051}{subsection.4.2.2}% 71
\BOOKMARK [3][-]{subsubsection.4.2.2.3}{\376\377\0004\000.\0002\000.\0002\000.\0003\000\040\000d\000i\000s\000k\000\137\000s\000i\000z\000e\000\050\000\051}{subsection.4.2.2}% 72
\BOOKMARK [3][-]{subsubsection.4.2.2.4}{\376\377\0004\000.\0002\000.\0002\000.\0004\000\040\000f\000s\000\137\000r\000e\000a\000d\000\137\000b\000l\000o\000c\000k\000\050\000\051}{subsection.4.2.2}% 73
\BOOKMARK [3][-]{subsubsection.4.2.2.5}{\376\377\0004\000.\0002\000.\0002\000.\0005\000\040\000f\000s\000\137\000w\000r\000i\000t\000e\000\137\000b\000l\000o\000c\000k\000\050\000\051}{subsection.4.2.2}% 74
\BOOKMARK [1][-]{section.4.3}{\376\377\0004\000.\0003\000\040\000i\000n\000c\000l\000u\000d\000e\000/\000f\000s\000.\000h\000\040\000F\000i\000l\000e\000\040\000R\000e\000f\000e\000r\000e\000n\000c\000e}{chapter.4}% 75
\BOOKMARK [2][-]{subsection.4.3.1}{\376\377\0004\000.\0003\000.\0001\000\040\000D\000e\000t\000a\000i\000l\000e\000d\000\040\000D\000e\000s\000c\000r\000i\000p\000t\000i\000o\000n}{section.4.3}% 76
\BOOKMARK [2][-]{subsection.4.3.2}{\376\377\0004\000.\0003\000.\0002\000\040\000F\000u\000n\000c\000t\000i\000o\000n\000\040\000D\000o\000c\000u\000m\000e\000n\000t\000a\000t\000i\000o\000n}{section.4.3}% 77
\BOOKMARK [3][-]{subsubsection.4.3.2.1}{\376\377\0004\000.\0003\000.\0002\000.\0001\000\040\000f\000s\000\137\000a\000l\000l\000o\000c\000\137\000i\000n\000o\000d\000e\000\050\000\051}{subsection.4.3.2}% 78
\BOOKMARK [3][-]{subsubsection.4.3.2.2}{\376\377\0004\000.\0003\000.\0002\000.\0002\000\040\000f\000s\000\137\000d\000u\000m\000p\000\137\000s\000u\000p\000e\000r\000\050\000\051}{subsection.4.3.2}% 79
\BOOKMARK [3][-]{subsubsection.4.3.2.3}{\376\377\0004\000.\0003\000.\0002\000.\0003\000\040\000f\000s\000\137\000f\000o\000r\000m\000a\000t\000\050\000\051}{subsection.4.3.2}% 80
\BOOKMARK [3][-]{subsubsection.4.3.2.4}{\376\377\0004\000.\0003\000.\0002\000.\0004\000\040\000f\000s\000\137\000f\000o\000r\000m\000a\000t\000\137\000s\000u\000p\000e\000r\000\050\000\051}{subsection.4.3.2}% 81
\BOOKMARK [1][-]{section.4.4}{\376\377\0004\000.\0004\000\040\000s\000r\000c\000/\000d\000i\000r\000e\000n\000t\000.\000c\000\040\000F\000i\000l\000e\000\040\000R\000e\000f\000e\000r\000e\000n\000c\000e}{chapter.4}% 82
\BOOKMARK [2][-]{subsection.4.4.1}{\376\377\0004\000.\0004\000.\0001\000\040\000D\000e\000t\000a\000i\000l\000e\000d\000\040\000D\000e\000s\000c\000r\000i\000p\000t\000i\000o\000n}{section.4.4}% 83
\BOOKMARK [2][-]{subsection.4.4.2}{\376\377\0004\000.\0004\000.\0002\000\040\000F\000u\000n\000c\000t\000i\000o\000n\000\040\000D\000o\000c\000u\000m\000e\000n\000t\000a\000t\000i\000o\000n}{section.4.4}% 84
\BOOKMARK [3][-]{subsubsection.4.4.2.1}{\376\377\0004\000.\0004\000.\0002\000.\0001\000\040\000d\000e\000l\000F\000i\000l\000e\000\050\000\051}{subsection.4.4.2}% 85
\BOOKMARK [3][-]{subsubsection.4.4.2.2}{\376\377\0004\000.\0004\000.\0002\000.\0002\000\040\000f\000i\000n\000d\000F\000i\000l\000e\000\050\000\051}{subsection.4.4.2}% 86
\BOOKMARK [3][-]{subsubsection.4.4.2.3}{\376\377\0004\000.\0004\000.\0002\000.\0003\000\040\000f\000i\000n\000d\000p\000a\000t\000h\000\050\000\051}{subsection.4.4.2}% 87
\BOOKMARK [3][-]{subsubsection.4.4.2.4}{\376\377\0004\000.\0004\000.\0002\000.\0004\000\040\000f\000o\000r\000m\000a\000t\000d\000i\000r\000\050\000\051}{subsection.4.4.2}% 88
\BOOKMARK [3][-]{subsubsection.4.4.2.5}{\376\377\0004\000.\0004\000.\0002\000.\0005\000\040\000g\000e\000t\000F\000i\000l\000e\000s\000\050\000\051}{subsection.4.4.2}% 89
\BOOKMARK [3][-]{subsubsection.4.4.2.6}{\376\377\0004\000.\0004\000.\0002\000.\0006\000\040\000i\000n\000s\000e\000r\000t\000F\000i\000l\000e\000\050\000\051}{subsection.4.4.2}% 90
\BOOKMARK [3][-]{subsubsection.4.4.2.7}{\376\377\0004\000.\0004\000.\0002\000.\0007\000\040\000o\000p\000e\000n\000\137\000c\000r\000e\000a\000t\000\050\000\051}{subsection.4.4.2}% 91
\BOOKMARK [3][-]{subsubsection.4.4.2.8}{\376\377\0004\000.\0004\000.\0002\000.\0008\000\040\000o\000p\000e\000n\000\137\000i\000n\000o\000\050\000\051}{subsection.4.4.2}% 92
\BOOKMARK [3][-]{subsubsection.4.4.2.9}{\376\377\0004\000.\0004\000.\0002\000.\0009\000\040\000o\000p\000e\000n\000d\000i\000r\000\137\000c\000r\000e\000a\000t\000\050\000\051}{subsection.4.4.2}% 93
\BOOKMARK [3][-]{subsubsection.4.4.2.10}{\376\377\0004\000.\0004\000.\0002\000.\0001\0000\000\040\000o\000p\000e\000n\000d\000i\000r\000\137\000i\000n\000o\000\050\000\051}{subsection.4.4.2}% 94
\BOOKMARK [1][-]{section.4.5}{\376\377\0004\000.\0005\000\040\000s\000r\000c\000/\000d\000i\000s\000k\000.\000c\000\040\000F\000i\000l\000e\000\040\000R\000e\000f\000e\000r\000e\000n\000c\000e}{chapter.4}% 95
\BOOKMARK [2][-]{subsection.4.5.1}{\376\377\0004\000.\0005\000.\0001\000\040\000D\000e\000t\000a\000i\000l\000e\000d\000\040\000D\000e\000s\000c\000r\000i\000p\000t\000i\000o\000n}{section.4.5}% 96
\BOOKMARK [2][-]{subsection.4.5.2}{\376\377\0004\000.\0005\000.\0002\000\040\000F\000u\000n\000c\000t\000i\000o\000n\000\040\000D\000o\000c\000u\000m\000e\000n\000t\000a\000t\000i\000o\000n}{section.4.5}% 97
\BOOKMARK [3][-]{subsubsection.4.5.2.1}{\376\377\0004\000.\0005\000.\0002\000.\0001\000\040\000c\000r\000e\000a\000t\000f\000i\000l\000e\000\050\000\051}{subsection.4.5.2}% 98
\BOOKMARK [3][-]{subsubsection.4.5.2.2}{\376\377\0004\000.\0005\000.\0002\000.\0002\000\040\000d\000i\000s\000k\000\137\000c\000l\000o\000s\000e\000\050\000\051}{subsection.4.5.2}% 99
\BOOKMARK [3][-]{subsubsection.4.5.2.3}{\376\377\0004\000.\0005\000.\0002\000.\0003\000\040\000d\000i\000s\000k\000\137\000s\000i\000z\000e\000\050\000\051}{subsection.4.5.2}% 100
\BOOKMARK [3][-]{subsubsection.4.5.2.4}{\376\377\0004\000.\0005\000.\0002\000.\0004\000\040\000f\000s\000\137\000r\000e\000a\000d\000\137\000b\000l\000o\000c\000k\000\050\000\051}{subsection.4.5.2}% 101
\BOOKMARK [3][-]{subsubsection.4.5.2.5}{\376\377\0004\000.\0005\000.\0002\000.\0005\000\040\000f\000s\000\137\000w\000r\000i\000t\000e\000\137\000b\000l\000o\000c\000k\000\050\000\051}{subsection.4.5.2}% 102
\BOOKMARK [1][-]{section.4.6}{\376\377\0004\000.\0006\000\040\000s\000r\000c\000/\000f\000s\000.\000c\000\040\000F\000i\000l\000e\000\040\000R\000e\000f\000e\000r\000e\000n\000c\000e}{chapter.4}% 103
\BOOKMARK [2][-]{subsection.4.6.1}{\376\377\0004\000.\0006\000.\0001\000\040\000D\000e\000t\000a\000i\000l\000e\000d\000\040\000D\000e\000s\000c\000r\000i\000p\000t\000i\000o\000n}{section.4.6}% 104
\BOOKMARK [2][-]{subsection.4.6.2}{\376\377\0004\000.\0006\000.\0002\000\040\000F\000u\000n\000c\000t\000i\000o\000n\000\040\000D\000o\000c\000u\000m\000e\000n\000t\000a\000t\000i\000o\000n}{section.4.6}% 105
\BOOKMARK [3][-]{subsubsection.4.6.2.1}{\376\377\0004\000.\0006\000.\0002\000.\0001\000\040\000f\000s\000\137\000a\000l\000l\000o\000c\000\137\000i\000n\000o\000d\000e\000\050\000\051}{subsection.4.6.2}% 106
\BOOKMARK [3][-]{subsubsection.4.6.2.2}{\376\377\0004\000.\0006\000.\0002\000.\0002\000\040\000f\000s\000\137\000d\000u\000m\000p\000\137\000s\000u\000p\000e\000r\000\050\000\051}{subsection.4.6.2}% 107
\BOOKMARK [3][-]{subsubsection.4.6.2.3}{\376\377\0004\000.\0006\000.\0002\000.\0003\000\040\000f\000s\000\137\000f\000o\000r\000m\000a\000t\000\050\000\051}{subsection.4.6.2}% 108
\BOOKMARK [3][-]{subsubsection.4.6.2.4}{\376\377\0004\000.\0006\000.\0002\000.\0004\000\040\000f\000s\000\137\000f\000o\000r\000m\000a\000t\000\137\000s\000u\000p\000e\000r\000\050\000\051}{subsection.4.6.2}% 109
\BOOKMARK [1][-]{section.4.7}{\376\377\0004\000.\0007\000\040\000s\000r\000c\000/\000i\000o\000.\000c\000\040\000F\000i\000l\000e\000\040\000R\000e\000f\000e\000r\000e\000n\000c\000e}{chapter.4}% 110
\BOOKMARK [2][-]{subsection.4.7.1}{\376\377\0004\000.\0007\000.\0001\000\040\000D\000e\000t\000a\000i\000l\000e\000d\000\040\000D\000e\000s\000c\000r\000i\000p\000t\000i\000o\000n}{section.4.7}% 111
\BOOKMARK [2][-]{subsection.4.7.2}{\376\377\0004\000.\0007\000.\0002\000\040\000F\000u\000n\000c\000t\000i\000o\000n\000\040\000D\000o\000c\000u\000m\000e\000n\000t\000a\000t\000i\000o\000n}{section.4.7}% 112
\BOOKMARK [3][-]{subsubsection.4.7.2.1}{\376\377\0004\000.\0007\000.\0002\000.\0001\000\040\000i\000o\000\137\000c\000l\000o\000s\000e\000\137\000f\000d\000\050\000\051}{subsection.4.7.2}% 113
\BOOKMARK [3][-]{subsubsection.4.7.2.2}{\376\377\0004\000.\0007\000.\0002\000.\0002\000\040\000i\000o\000\137\000i\000o\000p\000e\000n\000\050\000\051}{subsection.4.7.2}% 114
\BOOKMARK [3][-]{subsubsection.4.7.2.3}{\376\377\0004\000.\0007\000.\0002\000.\0003\000\040\000i\000o\000\137\000l\000a\000z\000y\000\137\000a\000l\000l\000o\000c\000\050\000\051}{subsection.4.7.2}% 115
\BOOKMARK [3][-]{subsubsection.4.7.2.4}{\376\377\0004\000.\0007\000.\0002\000.\0004\000\040\000i\000o\000\137\000l\000s\000e\000e\000k\000\050\000\051}{subsection.4.7.2}% 116
\BOOKMARK [3][-]{subsubsection.4.7.2.5}{\376\377\0004\000.\0007\000.\0002\000.\0005\000\040\000i\000o\000\137\000o\000p\000e\000n\000\137\000c\000r\000e\000a\000t\000\137\000f\000d\000\050\000\051}{subsection.4.7.2}% 117
\BOOKMARK [3][-]{subsubsection.4.7.2.6}{\376\377\0004\000.\0007\000.\0002\000.\0006\000\040\000i\000o\000\137\000o\000p\000e\000n\000\137\000f\000d\000\050\000\051}{subsection.4.7.2}% 118
\BOOKMARK [3][-]{subsubsection.4.7.2.7}{\376\377\0004\000.\0007\000.\0002\000.\0007\000\040\000i\000o\000\137\000r\000e\000a\000d\000\050\000\051}{subsection.4.7.2}% 119
\BOOKMARK [3][-]{subsubsection.4.7.2.8}{\376\377\0004\000.\0007\000.\0002\000.\0008\000\040\000i\000o\000\137\000r\000e\000a\000d\000\137\000i\000n\000o\000\050\000\051}{subsection.4.7.2}% 120
\BOOKMARK [3][-]{subsubsection.4.7.2.9}{\376\377\0004\000.\0007\000.\0002\000.\0009\000\040\000i\000o\000\137\000r\000m\000\050\000\051}{subsection.4.7.2}% 121
\BOOKMARK [3][-]{subsubsection.4.7.2.10}{\376\377\0004\000.\0007\000.\0002\000.\0001\0000\000\040\000i\000o\000\137\000r\000m\000\137\000i\000n\000o\000\050\000\051}{subsection.4.7.2}% 122
\BOOKMARK [3][-]{subsubsection.4.7.2.11}{\376\377\0004\000.\0007\000.\0002\000.\0001\0001\000\040\000i\000o\000\137\000w\000r\000i\000t\000e\000\050\000\051}{subsection.4.7.2}% 123
\BOOKMARK [3][-]{subsubsection.4.7.2.12}{\376\377\0004\000.\0007\000.\0002\000.\0001\0002\000\040\000i\000o\000\137\000w\000r\000i\000t\000e\000\137\000i\000n\000o\000\050\000\051}{subsection.4.7.2}% 124
\BOOKMARK [2][-]{subsection.4.7.3}{\376\377\0004\000.\0007\000.\0003\000\040\000V\000a\000r\000i\000a\000b\000l\000e\000\040\000D\000o\000c\000u\000m\000e\000n\000t\000a\000t\000i\000o\000n}{section.4.7}% 125
\BOOKMARK [3][-]{subsubsection.4.7.3.1}{\376\377\0004\000.\0007\000.\0003\000.\0001\000\040\000f\000i\000l\000e\000d\000e\000s\000c\000\137\000t\000a\000b\000l\000e}{subsection.4.7.3}% 126
\BOOKMARK [1][-]{section.4.8}{\376\377\0004\000.\0008\000\040\000s\000r\000c\000/\000m\000a\000i\000n\000.\000c\000\040\000F\000i\000l\000e\000\040\000R\000e\000f\000e\000r\000e\000n\000c\000e}{chapter.4}% 127
\BOOKMARK [2][-]{subsection.4.8.1}{\376\377\0004\000.\0008\000.\0001\000\040\000D\000e\000t\000a\000i\000l\000e\000d\000\040\000D\000e\000s\000c\000r\000i\000p\000t\000i\000o\000n}{section.4.8}% 128
\BOOKMARK [2][-]{subsection.4.8.2}{\376\377\0004\000.\0008\000.\0002\000\040\000F\000u\000n\000c\000t\000i\000o\000n\000\040\000D\000o\000c\000u\000m\000e\000n\000t\000a\000t\000i\000o\000n}{section.4.8}% 129
\BOOKMARK [3][-]{subsubsection.4.8.2.1}{\376\377\0004\000.\0008\000.\0002\000.\0001\000\040\000m\000a\000i\000n\000\050\000\051}{subsection.4.8.2}% 130
\BOOKMARK [0][-]{section*.24}{\376\377\000I\000n\000d\000e\000x}{}% 131
